<?xml version="1.0" encoding="UTF-8"?>
<testng-results ignored="0" total="2" passed="2" failed="0" skipped="0">
  <reporter-output>
  </reporter-output>
  <suite started-at="2021-07-25T02:41:57 IST" name="Suite" finished-at="2021-07-25T02:42:16 IST" duration-ms="18902">
    <groups>
    </groups>
    <test started-at="2021-07-25T02:41:57 IST" name="Test" finished-at="2021-07-25T02:42:16 IST" duration-ms="18902">
      <class name="DockerSeGridPractise.DockerSeGrid.ChromeDemo">
        <test-method signature="testApp()[pri:0, instance:DockerSeGridPractise.DockerSeGrid.ChromeDemo@12b0404f]" started-at="2021-07-25T02:41:57 IST" name="testApp" finished-at="2021-07-25T02:42:11 IST" duration-ms="13677" status="PASS">
          <reporter-output>
          </reporter-output>
        </test-method> <!-- testApp -->
      </class> <!-- DockerSeGridPractise.DockerSeGrid.ChromeDemo -->
      <class name="DockerSeGridPractise.DockerSeGrid.FFDemo">
        <test-method signature="testApp()[pri:0, instance:DockerSeGridPractise.DockerSeGrid.FFDemo@769e7ee8]" started-at="2021-07-25T02:41:57 IST" name="testApp" finished-at="2021-07-25T02:42:16 IST" duration-ms="18827" status="PASS">
          <reporter-output>
          </reporter-output>
        </test-method> <!-- testApp -->
      </class> <!-- DockerSeGridPractise.DockerSeGrid.FFDemo -->
    </test> <!-- Test -->
  </suite> <!-- Suite -->
</testng-results>
